ARM GAS  /tmp/ccW4MJ8C.s 			page 1


   1              		.cpu cortex-m4
   2              		.arch armv7e-m
   3              		.fpu fpv4-sp-d16
   4              		.eabi_attribute 27, 1
   5              		.eabi_attribute 28, 1
   6              		.eabi_attribute 20, 1
   7              		.eabi_attribute 21, 1
   8              		.eabi_attribute 23, 3
   9              		.eabi_attribute 24, 1
  10              		.eabi_attribute 25, 1
  11              		.eabi_attribute 26, 1
  12              		.eabi_attribute 30, 1
  13              		.eabi_attribute 34, 1
  14              		.eabi_attribute 18, 4
  15              		.file	"init_peripherials.c"
  16              		.text
  17              	.Ltext0:
  18              		.cfi_sections	.debug_frame
  19              		.file 1 "Core/Src/init_peripherials/init_peripherials.c"
  20              		.section	.rodata.lcd1602_init.str1.4,"aMS",%progbits,1
  21              		.align	2
  22              	.LC0:
  23 0000 4C434420 		.ascii	"LCD init is done\015\012\000"
  23      696E6974 
  23      20697320 
  23      646F6E65 
  23      0D0A00
  24              		.section	.text.lcd1602_init,"ax",%progbits
  25              		.align	1
  26              		.global	lcd1602_init
  27              		.syntax unified
  28              		.thumb
  29              		.thumb_func
  31              	lcd1602_init:
  32              	.LFB134:
   1:Core/Src/init_peripherials/init_peripherials.c **** #include "init_peripherials.h"
   2:Core/Src/init_peripherials/init_peripherials.c **** 
   3:Core/Src/init_peripherials/init_peripherials.c **** uint8_t cmd = 0x2E;
   4:Core/Src/init_peripherials/init_peripherials.c **** 
   5:Core/Src/init_peripherials/init_peripherials.c **** void lcd1602_init(void) {	
  33              		.loc 1 5 25 view -0
  34              		.cfi_startproc
  35              		@ args = 0, pretend = 0, frame = 0
  36              		@ frame_needed = 0, uses_anonymous_args = 0
  37 0000 08B5     		push	{r3, lr}
  38              	.LCFI0:
  39              		.cfi_def_cfa_offset 8
  40              		.cfi_offset 3, -8
  41              		.cfi_offset 14, -4
   6:Core/Src/init_peripherials/init_peripherials.c ****   HAL_Delay(50);
  42              		.loc 1 6 3 view .LVU1
  43 0002 3220     		movs	r0, #50
  44 0004 FFF7FEFF 		bl	HAL_Delay
  45              	.LVL0:
   7:Core/Src/init_peripherials/init_peripherials.c ****   lcd1602_transmit_command(0x33);
  46              		.loc 1 7 3 view .LVU2
  47 0008 3320     		movs	r0, #51
ARM GAS  /tmp/ccW4MJ8C.s 			page 2


  48 000a FFF7FEFF 		bl	lcd1602_transmit_command
  49              	.LVL1:
   8:Core/Src/init_peripherials/init_peripherials.c ****   HAL_Delay(5);
  50              		.loc 1 8 3 view .LVU3
  51 000e 0520     		movs	r0, #5
  52 0010 FFF7FEFF 		bl	HAL_Delay
  53              	.LVL2:
   9:Core/Src/init_peripherials/init_peripherials.c ****   lcd1602_transmit_command(0x32);
  54              		.loc 1 9 3 view .LVU4
  55 0014 3220     		movs	r0, #50
  56 0016 FFF7FEFF 		bl	lcd1602_transmit_command
  57              	.LVL3:
  10:Core/Src/init_peripherials/init_peripherials.c ****   HAL_Delay(1);
  58              		.loc 1 10 3 view .LVU5
  59 001a 0120     		movs	r0, #1
  60 001c FFF7FEFF 		bl	HAL_Delay
  61              	.LVL4:
  11:Core/Src/init_peripherials/init_peripherials.c ****   lcd1602_transmit_command(0x28);
  62              		.loc 1 11 3 view .LVU6
  63 0020 2820     		movs	r0, #40
  64 0022 FFF7FEFF 		bl	lcd1602_transmit_command
  65              	.LVL5:
  12:Core/Src/init_peripherials/init_peripherials.c ****   HAL_Delay(1);
  66              		.loc 1 12 3 view .LVU7
  67 0026 0120     		movs	r0, #1
  68 0028 FFF7FEFF 		bl	HAL_Delay
  69              	.LVL6:
  13:Core/Src/init_peripherials/init_peripherials.c ****   lcd1602_transmit_command(0x08);
  70              		.loc 1 13 3 view .LVU8
  71 002c 0820     		movs	r0, #8
  72 002e FFF7FEFF 		bl	lcd1602_transmit_command
  73              	.LVL7:
  14:Core/Src/init_peripherials/init_peripherials.c ****   HAL_Delay(1);
  74              		.loc 1 14 3 view .LVU9
  75 0032 0120     		movs	r0, #1
  76 0034 FFF7FEFF 		bl	HAL_Delay
  77              	.LVL8:
  15:Core/Src/init_peripherials/init_peripherials.c ****   lcd1602_transmit_command(0x01);
  78              		.loc 1 15 3 view .LVU10
  79 0038 0120     		movs	r0, #1
  80 003a FFF7FEFF 		bl	lcd1602_transmit_command
  81              	.LVL9:
  16:Core/Src/init_peripherials/init_peripherials.c ****   HAL_Delay(2);
  82              		.loc 1 16 3 view .LVU11
  83 003e 0220     		movs	r0, #2
  84 0040 FFF7FEFF 		bl	HAL_Delay
  85              	.LVL10:
  17:Core/Src/init_peripherials/init_peripherials.c ****   lcd1602_transmit_command(0x06);
  86              		.loc 1 17 3 view .LVU12
  87 0044 0620     		movs	r0, #6
  88 0046 FFF7FEFF 		bl	lcd1602_transmit_command
  89              	.LVL11:
  18:Core/Src/init_peripherials/init_peripherials.c ****   HAL_Delay(1);
  90              		.loc 1 18 3 view .LVU13
  91 004a 0120     		movs	r0, #1
  92 004c FFF7FEFF 		bl	HAL_Delay
  93              	.LVL12:
ARM GAS  /tmp/ccW4MJ8C.s 			page 3


  19:Core/Src/init_peripherials/init_peripherials.c ****   lcd1602_transmit_command(0x0C);
  94              		.loc 1 19 3 view .LVU14
  95 0050 0C20     		movs	r0, #12
  96 0052 FFF7FEFF 		bl	lcd1602_transmit_command
  97              	.LVL13:
  20:Core/Src/init_peripherials/init_peripherials.c ****   HAL_Delay(1);
  98              		.loc 1 20 3 view .LVU15
  99 0056 0120     		movs	r0, #1
 100 0058 FFF7FEFF 		bl	HAL_Delay
 101              	.LVL14:
  21:Core/Src/init_peripherials/init_peripherials.c **** 	HAL_UART_Transmit(&huart2, (const uint8_t*)"LCD init is done\r\n", sizeof("LCD init is done\r\n")-
 102              		.loc 1 21 2 view .LVU16
 103 005c 4FF0FF33 		mov	r3, #-1
 104 0060 1222     		movs	r2, #18
 105 0062 0249     		ldr	r1, .L3
 106 0064 0248     		ldr	r0, .L3+4
 107 0066 FFF7FEFF 		bl	HAL_UART_Transmit
 108              	.LVL15:
  22:Core/Src/init_peripherials/init_peripherials.c **** }
 109              		.loc 1 22 1 is_stmt 0 view .LVU17
 110 006a 08BD     		pop	{r3, pc}
 111              	.L4:
 112              		.align	2
 113              	.L3:
 114 006c 00000000 		.word	.LC0
 115 0070 00000000 		.word	huart2
 116              		.cfi_endproc
 117              	.LFE134:
 119              		.section	.rodata.bmp180_init.str1.4,"aMS",%progbits,1
 120              		.align	2
 121              	.LC1:
 122 0000 4261726F 		.ascii	"Barometer init is done\015\012\000"
 122      6D657465 
 122      7220696E 
 122      69742069 
 122      7320646F 
 123              		.section	.text.bmp180_init,"ax",%progbits
 124              		.align	1
 125              		.global	bmp180_init
 126              		.syntax unified
 127              		.thumb
 128              		.thumb_func
 130              	bmp180_init:
 131              	.LFB135:
  23:Core/Src/init_peripherials/init_peripherials.c **** 
  24:Core/Src/init_peripherials/init_peripherials.c **** void bmp180_init(void) {
 132              		.loc 1 24 24 is_stmt 1 view -0
 133              		.cfi_startproc
 134              		@ args = 0, pretend = 0, frame = 0
 135              		@ frame_needed = 0, uses_anonymous_args = 0
 136 0000 00B5     		push	{lr}
 137              	.LCFI1:
 138              		.cfi_def_cfa_offset 4
 139              		.cfi_offset 14, -4
 140 0002 85B0     		sub	sp, sp, #20
 141              	.LCFI2:
 142              		.cfi_def_cfa_offset 24
ARM GAS  /tmp/ccW4MJ8C.s 			page 4


  25:Core/Src/init_peripherials/init_peripherials.c **** 	if (HAL_I2C_Mem_Write(&hi2c1, bmp180_addr, 0xF4, 1, &cmd, 1, HAL_MAX_DELAY) == HAL_OK) {
 143              		.loc 1 25 2 view .LVU19
 144              		.loc 1 25 6 is_stmt 0 view .LVU20
 145 0004 4FF0FF33 		mov	r3, #-1
 146 0008 0293     		str	r3, [sp, #8]
 147 000a 0123     		movs	r3, #1
 148 000c 0193     		str	r3, [sp, #4]
 149 000e 0A4A     		ldr	r2, .L9
 150 0010 0092     		str	r2, [sp]
 151 0012 F422     		movs	r2, #244
 152 0014 0949     		ldr	r1, .L9+4
 153 0016 0988     		ldrh	r1, [r1]
 154 0018 0948     		ldr	r0, .L9+8
 155 001a FFF7FEFF 		bl	HAL_I2C_Mem_Write
 156              	.LVL16:
 157              		.loc 1 25 5 discriminator 1 view .LVU21
 158 001e 10B1     		cbz	r0, .L8
 159              	.L5:
  26:Core/Src/init_peripherials/init_peripherials.c **** 		HAL_UART_Transmit(&huart2, (const uint8_t*)"Barometer init is done\r\n", sizeof("Barometer init i
  27:Core/Src/init_peripherials/init_peripherials.c **** 	}
  28:Core/Src/init_peripherials/init_peripherials.c **** }...
 160              		.loc 1 28 1 view .LVU22
 161 0020 05B0     		add	sp, sp, #20
 162              	.LCFI3:
 163              		.cfi_remember_state
 164              		.cfi_def_cfa_offset 4
 165              		@ sp needed
 166 0022 5DF804FB 		ldr	pc, [sp], #4
 167              	.L8:
 168              	.LCFI4:
 169              		.cfi_restore_state
  26:Core/Src/init_peripherials/init_peripherials.c **** 		HAL_UART_Transmit(&huart2, (const uint8_t*)"Barometer init is done\r\n", sizeof("Barometer init i
 170              		.loc 1 26 3 is_stmt 1 view .LVU23
 171 0026 4FF0FF33 		mov	r3, #-1
 172 002a 1822     		movs	r2, #24
 173 002c 0549     		ldr	r1, .L9+12
 174 002e 0648     		ldr	r0, .L9+16
 175 0030 FFF7FEFF 		bl	HAL_UART_Transmit
 176              	.LVL17:
 177              		.loc 1 28 1 is_stmt 0 view .LVU24
 178 0034 F4E7     		b	.L5
 179              	.L10:
 180 0036 00BF     		.align	2
 181              	.L9:
 182 0038 00000000 		.word	cmd
 183 003c 00000000 		.word	bmp180_addr
 184 0040 00000000 		.word	hi2c1
 185 0044 00000000 		.word	.LC1
 186 0048 00000000 		.word	huart2
 187              		.cfi_endproc
 188              	.LFE135:
 190              		.global	cmd
 191              		.section	.data.cmd,"aw"
 194              	cmd:
 195 0000 2E       		.byte	46
 196              		.text
 197              	.Letext0:
ARM GAS  /tmp/ccW4MJ8C.s 			page 5


 198              		.file 2 "/home/mike/bin/arm-gnu-toolchain-14.3.rel1-x86_64-arm-none-eabi/arm-none-eabi/include/mac
 199              		.file 3 "/home/mike/bin/arm-gnu-toolchain-14.3.rel1-x86_64-arm-none-eabi/arm-none-eabi/include/sys
 200              		.file 4 "Drivers/CMSIS/Device/ST/STM32F4xx/Include/stm32f401xe.h"
 201              		.file 5 "Drivers/STM32F4xx_HAL_Driver/Inc/stm32f4xx_hal_def.h"
 202              		.file 6 "Drivers/STM32F4xx_HAL_Driver/Inc/stm32f4xx_hal_dma.h"
 203              		.file 7 "Drivers/STM32F4xx_HAL_Driver/Inc/stm32f4xx_hal_i2c.h"
 204              		.file 8 "Drivers/STM32F4xx_HAL_Driver/Inc/stm32f4xx_hal_uart.h"
 205              		.file 9 "Core/Src/init_peripherials/../transmit_and_recieve_control/transmit_and_recieve_control.h
 206              		.file 10 "Drivers/STM32F4xx_HAL_Driver/Inc/stm32f4xx_hal.h"
ARM GAS  /tmp/ccW4MJ8C.s 			page 6


DEFINED SYMBOLS
                            *ABS*:00000000 init_peripherials.c
     /tmp/ccW4MJ8C.s:21     .rodata.lcd1602_init.str1.4:00000000 $d
     /tmp/ccW4MJ8C.s:25     .text.lcd1602_init:00000000 $t
     /tmp/ccW4MJ8C.s:31     .text.lcd1602_init:00000000 lcd1602_init
     /tmp/ccW4MJ8C.s:114    .text.lcd1602_init:0000006c $d
     /tmp/ccW4MJ8C.s:120    .rodata.bmp180_init.str1.4:00000000 $d
     /tmp/ccW4MJ8C.s:124    .text.bmp180_init:00000000 $t
     /tmp/ccW4MJ8C.s:130    .text.bmp180_init:00000000 bmp180_init
     /tmp/ccW4MJ8C.s:182    .text.bmp180_init:00000038 $d
     /tmp/ccW4MJ8C.s:194    .data.cmd:00000000 cmd

UNDEFINED SYMBOLS
HAL_Delay
lcd1602_transmit_command
HAL_UART_Transmit
huart2
HAL_I2C_Mem_Write
bmp180_addr
hi2c1
