ARM GAS  /tmp/cc22qTEg.s 			page 1


   1              		.cpu cortex-m4
   2              		.arch armv7e-m
   3              		.fpu fpv4-sp-d16
   4              		.eabi_attribute 27, 1
   5              		.eabi_attribute 28, 1
   6              		.eabi_attribute 20, 1
   7              		.eabi_attribute 21, 1
   8              		.eabi_attribute 23, 3
   9              		.eabi_attribute 24, 1
  10              		.eabi_attribute 25, 1
  11              		.eabi_attribute 26, 1
  12              		.eabi_attribute 30, 1
  13              		.eabi_attribute 34, 1
  14              		.eabi_attribute 18, 4
  15              		.file	"stm32f4xx_it.c"
  16              		.text
  17              	.Ltext0:
  18              		.cfi_sections	.debug_frame
  19              		.file 1 "Core/Src/stm32f4xx_it.c"
  20              		.section	.text.NMI_Handler,"ax",%progbits
  21              		.align	1
  22              		.global	NMI_Handler
  23              		.syntax unified
  24              		.thumb
  25              		.thumb_func
  27              	NMI_Handler:
  28              	.LFB137:
   1:Core/Src/stm32f4xx_it.c **** /* USER CODE BEGIN Header */
   2:Core/Src/stm32f4xx_it.c **** /**
   3:Core/Src/stm32f4xx_it.c ****   ******************************************************************************
   4:Core/Src/stm32f4xx_it.c ****   * @file    stm32f4xx_it.c
   5:Core/Src/stm32f4xx_it.c ****   * @brief   Interrupt Service Routines.
   6:Core/Src/stm32f4xx_it.c ****   ******************************************************************************
   7:Core/Src/stm32f4xx_it.c ****   * @attention
   8:Core/Src/stm32f4xx_it.c ****   *
   9:Core/Src/stm32f4xx_it.c ****   * Copyright (c) 2025 STMicroelectronics.
  10:Core/Src/stm32f4xx_it.c ****   * All rights reserved.
  11:Core/Src/stm32f4xx_it.c ****   *
  12:Core/Src/stm32f4xx_it.c ****   * This software is licensed under terms that can be found in the LICENSE file
  13:Core/Src/stm32f4xx_it.c ****   * in the root directory of this software component.
  14:Core/Src/stm32f4xx_it.c ****   * If no LICENSE file comes with this software, it is provided AS-IS.
  15:Core/Src/stm32f4xx_it.c ****   *
  16:Core/Src/stm32f4xx_it.c ****   ******************************************************************************
  17:Core/Src/stm32f4xx_it.c ****   */
  18:Core/Src/stm32f4xx_it.c **** /* USER CODE END Header */
  19:Core/Src/stm32f4xx_it.c **** 
  20:Core/Src/stm32f4xx_it.c **** /* Includes ------------------------------------------------------------------*/
  21:Core/Src/stm32f4xx_it.c **** #include "main.h"
  22:Core/Src/stm32f4xx_it.c **** #include "stm32f4xx_it.h"
  23:Core/Src/stm32f4xx_it.c **** /* Private includes ----------------------------------------------------------*/
  24:Core/Src/stm32f4xx_it.c **** /* USER CODE BEGIN Includes */
  25:Core/Src/stm32f4xx_it.c **** /* USER CODE END Includes */
  26:Core/Src/stm32f4xx_it.c **** #include <stdbool.h>
  27:Core/Src/stm32f4xx_it.c **** #include <stdio.h>
  28:Core/Src/stm32f4xx_it.c **** #include <string.h>
  29:Core/Src/stm32f4xx_it.c **** #include "transmit_and_recieve_control/transmit_and_recieve_control.h"
  30:Core/Src/stm32f4xx_it.c **** /* Private typedef -----------------------------------------------------------*/
ARM GAS  /tmp/cc22qTEg.s 			page 2


  31:Core/Src/stm32f4xx_it.c **** /* USER CODE BEGIN TD */
  32:Core/Src/stm32f4xx_it.c **** 
  33:Core/Src/stm32f4xx_it.c **** /* USER CODE END TD */
  34:Core/Src/stm32f4xx_it.c **** 
  35:Core/Src/stm32f4xx_it.c **** /* Private define ------------------------------------------------------------*/
  36:Core/Src/stm32f4xx_it.c **** /* USER CODE BEGIN PD */
  37:Core/Src/stm32f4xx_it.c **** #define BAROMETER_TEMPERATURE_PUT 19950
  38:Core/Src/stm32f4xx_it.c **** #define BAROMETER_TEMPERATURE_GET 19969
  39:Core/Src/stm32f4xx_it.c **** 
  40:Core/Src/stm32f4xx_it.c **** #define BAROMETER_PRESSURE_PUT 19970
  41:Core/Src/stm32f4xx_it.c **** #define BAROMETER_PRESSURE_GET 20000
  42:Core/Src/stm32f4xx_it.c **** /* USER CODE END PD */
  43:Core/Src/stm32f4xx_it.c **** 
  44:Core/Src/stm32f4xx_it.c **** /* Private macro -------------------------------------------------------------*/
  45:Core/Src/stm32f4xx_it.c **** /* USER CODE BEGIN PM */
  46:Core/Src/stm32f4xx_it.c **** 
  47:Core/Src/stm32f4xx_it.c **** /* USER CODE END PM */
  48:Core/Src/stm32f4xx_it.c **** 
  49:Core/Src/stm32f4xx_it.c **** /* Private variables ---------------------------------------------------------*/
  50:Core/Src/stm32f4xx_it.c **** /* USER CODE BEGIN PV */
  51:Core/Src/stm32f4xx_it.c **** static unsigned int SysTick_20Sec_Counter = 0;
  52:Core/Src/stm32f4xx_it.c **** static unsigned int SysTick_1Sec_Counter = 0;
  53:Core/Src/stm32f4xx_it.c **** //static unsigned int SysTick_1Minute_Counter = 0;
  54:Core/Src/stm32f4xx_it.c **** //static Data Log[LOG_SIZE] = {0};
  55:Core/Src/stm32f4xx_it.c **** //static unsigned char LogCounter = 0;
  56:Core/Src/stm32f4xx_it.c **** extern RTC_TimeTypeDef time;
  57:Core/Src/stm32f4xx_it.c **** extern RTC_DateTypeDef date;
  58:Core/Src/stm32f4xx_it.c **** extern RTC_HandleTypeDef hrtc;
  59:Core/Src/stm32f4xx_it.c **** extern UART_HandleTypeDef huart2;
  60:Core/Src/stm32f4xx_it.c **** extern char msg_time[32];
  61:Core/Src/stm32f4xx_it.c **** extern Data journal[5];
  62:Core/Src/stm32f4xx_it.c **** extern int count;
  63:Core/Src/stm32f4xx_it.c **** extern int32_t temperature;
  64:Core/Src/stm32f4xx_it.c **** extern int32_t pressure;
  65:Core/Src/stm32f4xx_it.c **** extern I2C_HandleTypeDef hi2c1;
  66:Core/Src/stm32f4xx_it.c **** char message_count[32] = {0};
  67:Core/Src/stm32f4xx_it.c **** bool current_state_is_write = false;
  68:Core/Src/stm32f4xx_it.c **** extern uint8_t cmd;
  69:Core/Src/stm32f4xx_it.c **** extern uint16_t lcd1604_addr;
  70:Core/Src/stm32f4xx_it.c **** extern uint16_t bmp180_addr;
  71:Core/Src/stm32f4xx_it.c **** extern char GLOBAL_MESSAGE_BUFFER[30];
  72:Core/Src/stm32f4xx_it.c **** int32_t temperature_result = 0;
  73:Core/Src/stm32f4xx_it.c **** int32_t pressure_result = 0;
  74:Core/Src/stm32f4xx_it.c **** 
  75:Core/Src/stm32f4xx_it.c **** extern uint16_t aht10_addr;
  76:Core/Src/stm32f4xx_it.c **** extern uint8_t AHT10_RX_Data[6];
  77:Core/Src/stm32f4xx_it.c **** extern uint32_t AHT10_ADC_Raw;
  78:Core/Src/stm32f4xx_it.c **** extern float AHT10_Temperature;
  79:Core/Src/stm32f4xx_it.c **** extern float AHT10_Humidity;
  80:Core/Src/stm32f4xx_it.c **** extern uint8_t AHT10_MeasCmd[3];
  81:Core/Src/stm32f4xx_it.c **** extern uint8_t AHT10_InitCmd[3];
  82:Core/Src/stm32f4xx_it.c **** 
  83:Core/Src/stm32f4xx_it.c **** //unsigned int counter_1s = 0;
  84:Core/Src/stm32f4xx_it.c **** /* USER CODE END PV */
  85:Core/Src/stm32f4xx_it.c **** 
  86:Core/Src/stm32f4xx_it.c **** /* Private function prototypes -----------------------------------------------*/
  87:Core/Src/stm32f4xx_it.c **** /* USER CODE BEGIN PFP */
ARM GAS  /tmp/cc22qTEg.s 			page 3


  88:Core/Src/stm32f4xx_it.c **** void GetData(void);
  89:Core/Src/stm32f4xx_it.c **** int AveragingData(void);
  90:Core/Src/stm32f4xx_it.c **** void LogData(Data Current);
  91:Core/Src/stm32f4xx_it.c **** /* USER CODE END PFP */
  92:Core/Src/stm32f4xx_it.c **** 
  93:Core/Src/stm32f4xx_it.c **** /* Private user code ---------------------------------------------------------*/
  94:Core/Src/stm32f4xx_it.c **** /* USER CODE BEGIN 0 */
  95:Core/Src/stm32f4xx_it.c **** 
  96:Core/Src/stm32f4xx_it.c **** /* USER CODE END 0 */
  97:Core/Src/stm32f4xx_it.c **** 
  98:Core/Src/stm32f4xx_it.c **** /* External variables --------------------------------------------------------*/
  99:Core/Src/stm32f4xx_it.c **** 
 100:Core/Src/stm32f4xx_it.c **** /* USER CODE BEGIN EV */
 101:Core/Src/stm32f4xx_it.c **** 
 102:Core/Src/stm32f4xx_it.c **** /* USER CODE END EV */
 103:Core/Src/stm32f4xx_it.c **** 
 104:Core/Src/stm32f4xx_it.c **** /******************************************************************************/
 105:Core/Src/stm32f4xx_it.c **** /*           Cortex-M4 Processor Interruption and Exception Handlers          */
 106:Core/Src/stm32f4xx_it.c **** /******************************************************************************/
 107:Core/Src/stm32f4xx_it.c **** /**
 108:Core/Src/stm32f4xx_it.c ****   * @brief This function handles Non maskable interrupt.
 109:Core/Src/stm32f4xx_it.c ****   */
 110:Core/Src/stm32f4xx_it.c **** void NMI_Handler(void)
 111:Core/Src/stm32f4xx_it.c **** {
  29              		.loc 1 111 1 view -0
  30              		.cfi_startproc
  31              		@ Volatile: function does not return.
  32              		@ args = 0, pretend = 0, frame = 0
  33              		@ frame_needed = 0, uses_anonymous_args = 0
  34              		@ link register save eliminated.
  35              	.L2:
 112:Core/Src/stm32f4xx_it.c ****   /* USER CODE BEGIN NonMaskableInt_IRQn 0 */
 113:Core/Src/stm32f4xx_it.c **** 
 114:Core/Src/stm32f4xx_it.c ****   /* USER CODE END NonMaskableInt_IRQn 0 */
 115:Core/Src/stm32f4xx_it.c ****   /* USER CODE BEGIN NonMaskableInt_IRQn 1 */
 116:Core/Src/stm32f4xx_it.c ****    while (1)
  36              		.loc 1 116 4 view .LVU1
 117:Core/Src/stm32f4xx_it.c ****   {
 118:Core/Src/stm32f4xx_it.c ****   }
  37              		.loc 1 118 3 view .LVU2
 116:Core/Src/stm32f4xx_it.c ****   {
  38              		.loc 1 116 10 view .LVU3
  39 0000 FEE7     		b	.L2
  40              		.cfi_endproc
  41              	.LFE137:
  43              		.section	.text.HardFault_Handler,"ax",%progbits
  44              		.align	1
  45              		.global	HardFault_Handler
  46              		.syntax unified
  47              		.thumb
  48              		.thumb_func
  50              	HardFault_Handler:
  51              	.LFB138:
 119:Core/Src/stm32f4xx_it.c ****   /* USER CODE END NonMaskableInt_IRQn 1 */
 120:Core/Src/stm32f4xx_it.c **** }
 121:Core/Src/stm32f4xx_it.c **** 
 122:Core/Src/stm32f4xx_it.c **** /**
ARM GAS  /tmp/cc22qTEg.s 			page 4


 123:Core/Src/stm32f4xx_it.c ****   * @brief This function handles Hard fault interrupt.
 124:Core/Src/stm32f4xx_it.c ****   */
 125:Core/Src/stm32f4xx_it.c **** void HardFault_Handler(void)
 126:Core/Src/stm32f4xx_it.c **** {
  52              		.loc 1 126 1 view -0
  53              		.cfi_startproc
  54              		@ Volatile: function does not return.
  55              		@ args = 0, pretend = 0, frame = 0
  56              		@ frame_needed = 0, uses_anonymous_args = 0
  57              		@ link register save eliminated.
  58              	.L4:
 127:Core/Src/stm32f4xx_it.c ****   /* USER CODE BEGIN HardFault_IRQn 0 */
 128:Core/Src/stm32f4xx_it.c **** 
 129:Core/Src/stm32f4xx_it.c ****   /* USER CODE END HardFault_IRQn 0 */
 130:Core/Src/stm32f4xx_it.c ****   while (1)
  59              		.loc 1 130 3 view .LVU5
 131:Core/Src/stm32f4xx_it.c ****   {
 132:Core/Src/stm32f4xx_it.c ****     /* USER CODE BEGIN W1_HardFault_IRQn 0 */
 133:Core/Src/stm32f4xx_it.c ****     /* USER CODE END W1_HardFault_IRQn 0 */
 134:Core/Src/stm32f4xx_it.c ****   }
  60              		.loc 1 134 3 view .LVU6
 130:Core/Src/stm32f4xx_it.c ****   {
  61              		.loc 1 130 9 view .LVU7
  62 0000 FEE7     		b	.L4
  63              		.cfi_endproc
  64              	.LFE138:
  66              		.section	.text.MemManage_Handler,"ax",%progbits
  67              		.align	1
  68              		.global	MemManage_Handler
  69              		.syntax unified
  70              		.thumb
  71              		.thumb_func
  73              	MemManage_Handler:
  74              	.LFB139:
 135:Core/Src/stm32f4xx_it.c **** }
 136:Core/Src/stm32f4xx_it.c **** 
 137:Core/Src/stm32f4xx_it.c **** /**
 138:Core/Src/stm32f4xx_it.c ****   * @brief This function handles Memory management fault.
 139:Core/Src/stm32f4xx_it.c ****   */
 140:Core/Src/stm32f4xx_it.c **** void MemManage_Handler(void)
 141:Core/Src/stm32f4xx_it.c **** {
  75              		.loc 1 141 1 view -0
  76              		.cfi_startproc
  77              		@ Volatile: function does not return.
  78              		@ args = 0, pretend = 0, frame = 0
  79              		@ frame_needed = 0, uses_anonymous_args = 0
  80              		@ link register save eliminated.
  81              	.L6:
 142:Core/Src/stm32f4xx_it.c ****   /* USER CODE BEGIN MemoryManagement_IRQn 0 */
 143:Core/Src/stm32f4xx_it.c **** 
 144:Core/Src/stm32f4xx_it.c ****   /* USER CODE END MemoryManagement_IRQn 0 */
 145:Core/Src/stm32f4xx_it.c ****   while (1)
  82              		.loc 1 145 3 view .LVU9
 146:Core/Src/stm32f4xx_it.c ****   {
 147:Core/Src/stm32f4xx_it.c ****     /* USER CODE BEGIN W1_MemoryManagement_IRQn 0 */
 148:Core/Src/stm32f4xx_it.c ****     /* USER CODE END W1_MemoryManagement_IRQn 0 */
 149:Core/Src/stm32f4xx_it.c ****   }
ARM GAS  /tmp/cc22qTEg.s 			page 5


  83              		.loc 1 149 3 view .LVU10
 145:Core/Src/stm32f4xx_it.c ****   {
  84              		.loc 1 145 9 view .LVU11
  85 0000 FEE7     		b	.L6
  86              		.cfi_endproc
  87              	.LFE139:
  89              		.section	.text.BusFault_Handler,"ax",%progbits
  90              		.align	1
  91              		.global	BusFault_Handler
  92              		.syntax unified
  93              		.thumb
  94              		.thumb_func
  96              	BusFault_Handler:
  97              	.LFB140:
 150:Core/Src/stm32f4xx_it.c **** }
 151:Core/Src/stm32f4xx_it.c **** 
 152:Core/Src/stm32f4xx_it.c **** /**
 153:Core/Src/stm32f4xx_it.c ****   * @brief This function handles Pre-fetch fault, memory access fault.
 154:Core/Src/stm32f4xx_it.c ****   */
 155:Core/Src/stm32f4xx_it.c **** void BusFault_Handler(void)
 156:Core/Src/stm32f4xx_it.c **** {
  98              		.loc 1 156 1 view -0
  99              		.cfi_startproc
 100              		@ Volatile: function does not return.
 101              		@ args = 0, pretend = 0, frame = 0
 102              		@ frame_needed = 0, uses_anonymous_args = 0
 103              		@ link register save eliminated.
 104              	.L8:
 157:Core/Src/stm32f4xx_it.c ****   /* USER CODE BEGIN BusFault_IRQn 0 */
 158:Core/Src/stm32f4xx_it.c **** 
 159:Core/Src/stm32f4xx_it.c ****   /* USER CODE END BusFault_IRQn 0 */
 160:Core/Src/stm32f4xx_it.c ****   while (1)
 105              		.loc 1 160 3 view .LVU13
 161:Core/Src/stm32f4xx_it.c ****   {
 162:Core/Src/stm32f4xx_it.c ****     /* USER CODE BEGIN W1_BusFault_IRQn 0 */
 163:Core/Src/stm32f4xx_it.c ****     /* USER CODE END W1_BusFault_IRQn 0 */
 164:Core/Src/stm32f4xx_it.c ****   }
 106              		.loc 1 164 3 view .LVU14
 160:Core/Src/stm32f4xx_it.c ****   {
 107              		.loc 1 160 9 view .LVU15
 108 0000 FEE7     		b	.L8
 109              		.cfi_endproc
 110              	.LFE140:
 112              		.section	.text.UsageFault_Handler,"ax",%progbits
 113              		.align	1
 114              		.global	UsageFault_Handler
 115              		.syntax unified
 116              		.thumb
 117              		.thumb_func
 119              	UsageFault_Handler:
 120              	.LFB141:
 165:Core/Src/stm32f4xx_it.c **** }
 166:Core/Src/stm32f4xx_it.c **** 
 167:Core/Src/stm32f4xx_it.c **** /**
 168:Core/Src/stm32f4xx_it.c ****   * @brief This function handles Undefined instruction or illegal state.
 169:Core/Src/stm32f4xx_it.c ****   */
 170:Core/Src/stm32f4xx_it.c **** void UsageFault_Handler(void)
ARM GAS  /tmp/cc22qTEg.s 			page 6


 171:Core/Src/stm32f4xx_it.c **** {
 121              		.loc 1 171 1 view -0
 122              		.cfi_startproc
 123              		@ Volatile: function does not return.
 124              		@ args = 0, pretend = 0, frame = 0
 125              		@ frame_needed = 0, uses_anonymous_args = 0
 126              		@ link register save eliminated.
 127              	.L10:
 172:Core/Src/stm32f4xx_it.c ****   /* USER CODE BEGIN UsageFault_IRQn 0 */
 173:Core/Src/stm32f4xx_it.c **** 
 174:Core/Src/stm32f4xx_it.c ****   /* USER CODE END UsageFault_IRQn 0 */
 175:Core/Src/stm32f4xx_it.c ****   while (1)
 128              		.loc 1 175 3 view .LVU17
 176:Core/Src/stm32f4xx_it.c ****   {
 177:Core/Src/stm32f4xx_it.c ****     /* USER CODE BEGIN W1_UsageFault_IRQn 0 */
 178:Core/Src/stm32f4xx_it.c ****     /* USER CODE END W1_UsageFault_IRQn 0 */
 179:Core/Src/stm32f4xx_it.c ****   }
 129              		.loc 1 179 3 view .LVU18
 175:Core/Src/stm32f4xx_it.c ****   {
 130              		.loc 1 175 9 view .LVU19
 131 0000 FEE7     		b	.L10
 132              		.cfi_endproc
 133              	.LFE141:
 135              		.section	.text.SVC_Handler,"ax",%progbits
 136              		.align	1
 137              		.global	SVC_Handler
 138              		.syntax unified
 139              		.thumb
 140              		.thumb_func
 142              	SVC_Handler:
 143              	.LFB142:
 180:Core/Src/stm32f4xx_it.c **** }
 181:Core/Src/stm32f4xx_it.c **** 
 182:Core/Src/stm32f4xx_it.c **** /**
 183:Core/Src/stm32f4xx_it.c ****   * @brief This function handles System service call via SWI instruction.
 184:Core/Src/stm32f4xx_it.c ****   */
 185:Core/Src/stm32f4xx_it.c **** void SVC_Handler(void)
 186:Core/Src/stm32f4xx_it.c **** {
 144              		.loc 1 186 1 view -0
 145              		.cfi_startproc
 146              		@ args = 0, pretend = 0, frame = 0
 147              		@ frame_needed = 0, uses_anonymous_args = 0
 148              		@ link register save eliminated.
 187:Core/Src/stm32f4xx_it.c ****   /* USER CODE BEGIN SVCall_IRQn 0 */
 188:Core/Src/stm32f4xx_it.c **** 
 189:Core/Src/stm32f4xx_it.c ****   /* USER CODE END SVCall_IRQn 0 */
 190:Core/Src/stm32f4xx_it.c ****   /* USER CODE BEGIN SVCall_IRQn 1 */
 191:Core/Src/stm32f4xx_it.c **** 
 192:Core/Src/stm32f4xx_it.c ****   /* USER CODE END SVCall_IRQn 1 */
 193:Core/Src/stm32f4xx_it.c **** }
 149              		.loc 1 193 1 view .LVU21
 150 0000 7047     		bx	lr
 151              		.cfi_endproc
 152              	.LFE142:
 154              		.section	.text.DebugMon_Handler,"ax",%progbits
 155              		.align	1
 156              		.global	DebugMon_Handler
ARM GAS  /tmp/cc22qTEg.s 			page 7


 157              		.syntax unified
 158              		.thumb
 159              		.thumb_func
 161              	DebugMon_Handler:
 162              	.LFB143:
 194:Core/Src/stm32f4xx_it.c **** 
 195:Core/Src/stm32f4xx_it.c **** /**
 196:Core/Src/stm32f4xx_it.c ****   * @brief This function handles Debug monitor.
 197:Core/Src/stm32f4xx_it.c ****   */
 198:Core/Src/stm32f4xx_it.c **** void DebugMon_Handler(void)
 199:Core/Src/stm32f4xx_it.c **** {
 163              		.loc 1 199 1 view -0
 164              		.cfi_startproc
 165              		@ args = 0, pretend = 0, frame = 0
 166              		@ frame_needed = 0, uses_anonymous_args = 0
 167              		@ link register save eliminated.
 200:Core/Src/stm32f4xx_it.c ****   /* USER CODE BEGIN DebugMonitor_IRQn 0 */
 201:Core/Src/stm32f4xx_it.c **** 
 202:Core/Src/stm32f4xx_it.c ****   /* USER CODE END DebugMonitor_IRQn 0 */
 203:Core/Src/stm32f4xx_it.c ****   /* USER CODE BEGIN DebugMonitor_IRQn 1 */
 204:Core/Src/stm32f4xx_it.c **** 
 205:Core/Src/stm32f4xx_it.c ****   /* USER CODE END DebugMonitor_IRQn 1 */
 206:Core/Src/stm32f4xx_it.c **** }
 168              		.loc 1 206 1 view .LVU23
 169 0000 7047     		bx	lr
 170              		.cfi_endproc
 171              	.LFE143:
 173              		.section	.text.PendSV_Handler,"ax",%progbits
 174              		.align	1
 175              		.global	PendSV_Handler
 176              		.syntax unified
 177              		.thumb
 178              		.thumb_func
 180              	PendSV_Handler:
 181              	.LFB144:
 207:Core/Src/stm32f4xx_it.c **** 
 208:Core/Src/stm32f4xx_it.c **** /**
 209:Core/Src/stm32f4xx_it.c ****   * @brief This function handles Pendable request for system service.
 210:Core/Src/stm32f4xx_it.c ****   */
 211:Core/Src/stm32f4xx_it.c **** void PendSV_Handler(void)
 212:Core/Src/stm32f4xx_it.c **** {
 182              		.loc 1 212 1 view -0
 183              		.cfi_startproc
 184              		@ args = 0, pretend = 0, frame = 0
 185              		@ frame_needed = 0, uses_anonymous_args = 0
 186              		@ link register save eliminated.
 213:Core/Src/stm32f4xx_it.c ****   /* USER CODE BEGIN PendSV_IRQn 0 */
 214:Core/Src/stm32f4xx_it.c **** 
 215:Core/Src/stm32f4xx_it.c ****   /* USER CODE END PendSV_IRQn 0 */
 216:Core/Src/stm32f4xx_it.c ****   /* USER CODE BEGIN PendSV_IRQn 1 */
 217:Core/Src/stm32f4xx_it.c **** 
 218:Core/Src/stm32f4xx_it.c ****   /* USER CODE END PendSV_IRQn 1 */
 219:Core/Src/stm32f4xx_it.c **** }
 187              		.loc 1 219 1 view .LVU25
 188 0000 7047     		bx	lr
 189              		.cfi_endproc
 190              	.LFE144:
ARM GAS  /tmp/cc22qTEg.s 			page 8


 192              		.section	.text.SysTick_Handler,"ax",%progbits
 193              		.align	1
 194              		.global	SysTick_Handler
 195              		.syntax unified
 196              		.thumb
 197              		.thumb_func
 199              	SysTick_Handler:
 200              	.LFB145:
 220:Core/Src/stm32f4xx_it.c **** 
 221:Core/Src/stm32f4xx_it.c **** /**
 222:Core/Src/stm32f4xx_it.c ****   * @brief This function handles System tick timer.
 223:Core/Src/stm32f4xx_it.c ****   */
 224:Core/Src/stm32f4xx_it.c **** void SysTick_Handler(void)
 225:Core/Src/stm32f4xx_it.c **** {
 201              		.loc 1 225 1 view -0
 202              		.cfi_startproc
 203              		@ args = 0, pretend = 0, frame = 0
 204              		@ frame_needed = 0, uses_anonymous_args = 0
 205 0000 08B5     		push	{r3, lr}
 206              	.LCFI0:
 207              		.cfi_def_cfa_offset 8
 208              		.cfi_offset 3, -8
 209              		.cfi_offset 14, -4
 226:Core/Src/stm32f4xx_it.c ****   /* USER CODE BEGIN SysTick_IRQn 0 */
 227:Core/Src/stm32f4xx_it.c **** 
 228:Core/Src/stm32f4xx_it.c ****   /* USER CODE END SysTick_IRQn 0 */
 229:Core/Src/stm32f4xx_it.c ****   HAL_IncTick();
 210              		.loc 1 229 3 view .LVU27
 211 0002 FFF7FEFF 		bl	HAL_IncTick
 212              	.LVL0:
 230:Core/Src/stm32f4xx_it.c ****   /* USER CODE BEGIN SysTick_IRQn 1 */
 231:Core/Src/stm32f4xx_it.c **** 
 232:Core/Src/stm32f4xx_it.c ****   if (SysTick_20Sec_Counter == BAROMETER_TEMPERATURE_PUT) {
 213              		.loc 1 232 3 view .LVU28
 233:Core/Src/stm32f4xx_it.c ****     //HAL_I2C_Mem_Write(&hi2c1, bmp180_addr, 0xF4, 1, &cmd, 1, HAL_MAX_DELAY);
 234:Core/Src/stm32f4xx_it.c **** 
 235:Core/Src/stm32f4xx_it.c ****     //!!!!!!!!!!!!!!!!!!!!!!!!!!!!!!!!!!!!!!!!!!!!!!!!!!!!!!!!!
 236:Core/Src/stm32f4xx_it.c **** 
 237:Core/Src/stm32f4xx_it.c ****     //HAL_UART_Transmit(&huart2, (uint8_t*)"temperature: measuring...", sizeof("temperature: measur
 238:Core/Src/stm32f4xx_it.c ****   }
 214              		.loc 1 238 3 view .LVU29
 239:Core/Src/stm32f4xx_it.c ****   if (SysTick_20Sec_Counter == BAROMETER_TEMPERATURE_GET) {
 215              		.loc 1 239 3 view .LVU30
 240:Core/Src/stm32f4xx_it.c ****     //temperature_result = bmp180_get_temperature();
 241:Core/Src/stm32f4xx_it.c **** 
 242:Core/Src/stm32f4xx_it.c ****     //!!!!!!!!!!!!!!!!!!!!!!!!!!!!!!!!!!!!!!!!!!!!!!!!!!!!!!!!!
 243:Core/Src/stm32f4xx_it.c **** 
 244:Core/Src/stm32f4xx_it.c ****     //HAL_UART_Transmit(&huart2, (uint8_t*)"getting: temperature", sizeof("getting: temperature")-1
 245:Core/Src/stm32f4xx_it.c ****     /*snprintf(GLOBAL_MESSAGE_BUFFER, sizeof(GLOBAL_MESSAGE_BUFFER), "%.2ld", temperature_result);
 246:Core/Src/stm32f4xx_it.c ****     lcd1602_transmit_command(0b10000000);
 247:Core/Src/stm32f4xx_it.c ****     lcd1602_send_string(GLOBAL_MESSAGE_BUFFER);*/
 248:Core/Src/stm32f4xx_it.c ****     /*snprintf(GLOBAL_MESSAGE_BUFFER, sizeof(GLOBAL_MESSAGE_BUFFER), "%.2ld", temperature_result);
 249:Core/Src/stm32f4xx_it.c ****     lcd1602_transmit_command(0b10000000);
 250:Core/Src/stm32f4xx_it.c ****     lcd1602_send_string(GLOBAL_MESSAGE_BUFFER);*/
 251:Core/Src/stm32f4xx_it.c ****   }
 216              		.loc 1 251 3 view .LVU31
 252:Core/Src/stm32f4xx_it.c ****   if (SysTick_20Sec_Counter == BAROMETER_PRESSURE_PUT) {
ARM GAS  /tmp/cc22qTEg.s 			page 9


 217              		.loc 1 252 3 view .LVU32
 253:Core/Src/stm32f4xx_it.c ****     //HAL_I2C_Master_Transmit(&hi2c1, aht10_addr, AHT10_InitCmd, 3, HAL_MAX_DELAY);
 254:Core/Src/stm32f4xx_it.c ****     /*uint8_t pressure_cmd = 0x34 + (OSS << 6);
 255:Core/Src/stm32f4xx_it.c ****     HAL_I2C_Mem_Write(&hi2c1, bmp180_addr, 0xF4, 1, &pressure_cmd, sizeof(pressure_cmd), HAL_MAX_DE
 256:Core/Src/stm32f4xx_it.c **** 
 257:Core/Src/stm32f4xx_it.c ****     //!!!!!!!!!!!!!!!!!!!!!!!!!!!!!!!!!!!!!!!!!!!!!!!!!!!!!!!!!
 258:Core/Src/stm32f4xx_it.c ****   }
 218              		.loc 1 258 3 view .LVU33
 259:Core/Src/stm32f4xx_it.c ****   if (SysTick_20Sec_Counter == BAROMETER_PRESSURE_GET) {
 219              		.loc 1 259 3 view .LVU34
 220              		.loc 1 259 29 is_stmt 0 view .LVU35
 221 0006 094B     		ldr	r3, .L18
 222 0008 1A68     		ldr	r2, [r3]
 223              		.loc 1 259 6 view .LVU36
 224 000a 44F62063 		movw	r3, #20000
 225 000e 9A42     		cmp	r2, r3
 226 0010 08D0     		beq	.L17
 227              	.L15:
 260:Core/Src/stm32f4xx_it.c ****     SysTick_20Sec_Counter = 0;
 261:Core/Src/stm32f4xx_it.c ****     //pressure_result = bmp180_get_pressure() / 133.322f;
 262:Core/Src/stm32f4xx_it.c **** 
 263:Core/Src/stm32f4xx_it.c ****     /*HAL_I2C_Master_Receive(&hi2c1, aht10_addr, (uint8_t*)AHT10_RX_Data, 6, HAL_MAX_DELAY);
 264:Core/Src/stm32f4xx_it.c ****     AHT10_ADC_Raw = ((uint32_t)AHT10_RX_Data[1] << 12) | ((uint32_t)AHT10_RX_Data[2] << 4) | (AHT10
 265:Core/Src/stm32f4xx_it.c ****     AHT10_Humidity = (float)(AHT10_ADC_Raw*100.00/1048576.00);
 266:Core/Src/stm32f4xx_it.c ****     snprintf(GLOBAL_MESSAGE_BUFFER, sizeof(GLOBAL_MESSAGE_BUFFER), "hum: %.2f\r\n", AHT10_Humidity)
 267:Core/Src/stm32f4xx_it.c ****     HAL_UART_Transmit(&huart2, (uint8_t*)GLOBAL_MESSAGE_BUFFER, strlen(GLOBAL_MESSAGE_BUFFER), HAL_
 268:Core/Src/stm32f4xx_it.c **** 
 269:Core/Src/stm32f4xx_it.c ****     //!!!!!!!!!!!!!!!!!!!!!!!!!!!!!!!!!!!!!!!!!!!!!!!!!!!!!!!!!
 270:Core/Src/stm32f4xx_it.c **** 
 271:Core/Src/stm32f4xx_it.c ****     //HAL_UART_Transmit(&huart2, (uint8_t*)"getting: presure", sizeof("getting: presure")-1, HAL_MA
 272:Core/Src/stm32f4xx_it.c ****     /*snprintf(GLOBAL_MESSAGE_BUFFER, sizeof(GLOBAL_MESSAGE_BUFFER), "%.2ld, %.2ld", pressure_resul
 273:Core/Src/stm32f4xx_it.c ****     HAL_UART_Transmit(&huart2, (uint8_t*)GLOBAL_MESSAGE_BUFFER, sizeof(GLOBAL_MESSAGE_BUFFER)-1, HA
 274:Core/Src/stm32f4xx_it.c ****     lcd1602_transmit_command(0b10000000);
 275:Core/Src/stm32f4xx_it.c ****     lcd1602_send_string(GLOBAL_MESSAGE_BUFFER);*/
 276:Core/Src/stm32f4xx_it.c ****   }
 277:Core/Src/stm32f4xx_it.c ****   SysTick_20Sec_Counter++;
 228              		.loc 1 277 3 is_stmt 1 view .LVU37
 229              		.loc 1 277 24 is_stmt 0 view .LVU38
 230 0012 064A     		ldr	r2, .L18
 231 0014 1368     		ldr	r3, [r2]
 232 0016 0133     		adds	r3, r3, #1
 233 0018 1360     		str	r3, [r2]
 278:Core/Src/stm32f4xx_it.c ****   
 279:Core/Src/stm32f4xx_it.c ****   /*if (SysTick_1Sec_Counter == 1000) {
 280:Core/Src/stm32f4xx_it.c ****     SysTick_1Sec_Counter = 0;
 281:Core/Src/stm32f4xx_it.c ****     HAL_RTC_GetTime(&hrtc, &time, RTC_FORMAT_BIN);
 282:Core/Src/stm32f4xx_it.c ****     HAL_RTC_GetDate(&hrtc, &date, RTC_FORMAT_BIN);
 283:Core/Src/stm32f4xx_it.c ****     lcd1602_transmit_command(0b10000000);
 284:Core/Src/stm32f4xx_it.c ****     snprintf(GLOBAL_MESSAGE_BUFFER, sizeof(GLOBAL_MESSAGE_BUFFER), "%02d:%02d:%02d", time.Hours, ti
 285:Core/Src/stm32f4xx_it.c ****     lcd1602_send_string(GLOBAL_MESSAGE_BUFFER);
 286:Core/Src/stm32f4xx_it.c ****     lcd1602_transmit_command(0b11000000);
 287:Core/Src/stm32f4xx_it.c ****     snprintf(GLOBAL_MESSAGE_BUFFER, sizeof(GLOBAL_MESSAGE_BUFFER), "%.2ld, %.2ld", pressure_result,
 288:Core/Src/stm32f4xx_it.c ****     lcd1602_send_string(GLOBAL_MESSAGE_BUFFER);
 289:Core/Src/stm32f4xx_it.c ****   }*/
 290:Core/Src/stm32f4xx_it.c ****   SysTick_1Sec_Counter++;
 234              		.loc 1 290 3 is_stmt 1 view .LVU39
 235              		.loc 1 290 23 is_stmt 0 view .LVU40
ARM GAS  /tmp/cc22qTEg.s 			page 10


 236 001a 054A     		ldr	r2, .L18+4
 237 001c 1368     		ldr	r3, [r2]
 238 001e 0133     		adds	r3, r3, #1
 239 0020 1360     		str	r3, [r2]
 291:Core/Src/stm32f4xx_it.c ****   /* USER CODE END SysTick_IRQn 1 */
 292:Core/Src/stm32f4xx_it.c **** }
 240              		.loc 1 292 1 view .LVU41
 241 0022 08BD     		pop	{r3, pc}
 242              	.L17:
 260:Core/Src/stm32f4xx_it.c ****     //pressure_result = bmp180_get_pressure() / 133.322f;
 243              		.loc 1 260 5 is_stmt 1 view .LVU42
 260:Core/Src/stm32f4xx_it.c ****     //pressure_result = bmp180_get_pressure() / 133.322f;
 244              		.loc 1 260 27 is_stmt 0 view .LVU43
 245 0024 014B     		ldr	r3, .L18
 246 0026 0022     		movs	r2, #0
 247 0028 1A60     		str	r2, [r3]
 248 002a F2E7     		b	.L15
 249              	.L19:
 250              		.align	2
 251              	.L18:
 252 002c 00000000 		.word	SysTick_20Sec_Counter
 253 0030 00000000 		.word	SysTick_1Sec_Counter
 254              		.cfi_endproc
 255              	.LFE145:
 257              		.global	pressure_result
 258              		.section	.bss.pressure_result,"aw",%nobits
 259              		.align	2
 262              	pressure_result:
 263 0000 00000000 		.space	4
 264              		.global	temperature_result
 265              		.section	.bss.temperature_result,"aw",%nobits
 266              		.align	2
 269              	temperature_result:
 270 0000 00000000 		.space	4
 271              		.global	current_state_is_write
 272              		.section	.bss.current_state_is_write,"aw",%nobits
 275              	current_state_is_write:
 276 0000 00       		.space	1
 277              		.global	message_count
 278              		.section	.bss.message_count,"aw",%nobits
 279              		.align	2
 282              	message_count:
 283 0000 00000000 		.space	32
 283      00000000 
 283      00000000 
 283      00000000 
 283      00000000 
 284              		.section	.bss.SysTick_1Sec_Counter,"aw",%nobits
 285              		.align	2
 288              	SysTick_1Sec_Counter:
 289 0000 00000000 		.space	4
 290              		.section	.bss.SysTick_20Sec_Counter,"aw",%nobits
 291              		.align	2
 294              	SysTick_20Sec_Counter:
 295 0000 00000000 		.space	4
 296              		.text
 297              	.Letext0:
ARM GAS  /tmp/cc22qTEg.s 			page 11


 298              		.file 2 "/home/mike/bin/arm-gnu-toolchain-14.3.rel1-x86_64-arm-none-eabi/arm-none-eabi/include/mac
 299              		.file 3 "/home/mike/bin/arm-gnu-toolchain-14.3.rel1-x86_64-arm-none-eabi/arm-none-eabi/include/sys
 300              		.file 4 "Drivers/STM32F4xx_HAL_Driver/Inc/stm32f4xx_hal.h"
ARM GAS  /tmp/cc22qTEg.s 			page 12


DEFINED SYMBOLS
                            *ABS*:00000000 stm32f4xx_it.c
     /tmp/cc22qTEg.s:21     .text.NMI_Handler:00000000 $t
     /tmp/cc22qTEg.s:27     .text.NMI_Handler:00000000 NMI_Handler
     /tmp/cc22qTEg.s:44     .text.HardFault_Handler:00000000 $t
     /tmp/cc22qTEg.s:50     .text.HardFault_Handler:00000000 HardFault_Handler
     /tmp/cc22qTEg.s:67     .text.MemManage_Handler:00000000 $t
     /tmp/cc22qTEg.s:73     .text.MemManage_Handler:00000000 MemManage_Handler
     /tmp/cc22qTEg.s:90     .text.BusFault_Handler:00000000 $t
     /tmp/cc22qTEg.s:96     .text.BusFault_Handler:00000000 BusFault_Handler
     /tmp/cc22qTEg.s:113    .text.UsageFault_Handler:00000000 $t
     /tmp/cc22qTEg.s:119    .text.UsageFault_Handler:00000000 UsageFault_Handler
     /tmp/cc22qTEg.s:136    .text.SVC_Handler:00000000 $t
     /tmp/cc22qTEg.s:142    .text.SVC_Handler:00000000 SVC_Handler
     /tmp/cc22qTEg.s:155    .text.DebugMon_Handler:00000000 $t
     /tmp/cc22qTEg.s:161    .text.DebugMon_Handler:00000000 DebugMon_Handler
     /tmp/cc22qTEg.s:174    .text.PendSV_Handler:00000000 $t
     /tmp/cc22qTEg.s:180    .text.PendSV_Handler:00000000 PendSV_Handler
     /tmp/cc22qTEg.s:193    .text.SysTick_Handler:00000000 $t
     /tmp/cc22qTEg.s:199    .text.SysTick_Handler:00000000 SysTick_Handler
     /tmp/cc22qTEg.s:252    .text.SysTick_Handler:0000002c $d
     /tmp/cc22qTEg.s:294    .bss.SysTick_20Sec_Counter:00000000 SysTick_20Sec_Counter
     /tmp/cc22qTEg.s:288    .bss.SysTick_1Sec_Counter:00000000 SysTick_1Sec_Counter
     /tmp/cc22qTEg.s:262    .bss.pressure_result:00000000 pressure_result
     /tmp/cc22qTEg.s:259    .bss.pressure_result:00000000 $d
     /tmp/cc22qTEg.s:269    .bss.temperature_result:00000000 temperature_result
     /tmp/cc22qTEg.s:266    .bss.temperature_result:00000000 $d
     /tmp/cc22qTEg.s:275    .bss.current_state_is_write:00000000 current_state_is_write
     /tmp/cc22qTEg.s:276    .bss.current_state_is_write:00000000 $d
     /tmp/cc22qTEg.s:282    .bss.message_count:00000000 message_count
     /tmp/cc22qTEg.s:279    .bss.message_count:00000000 $d
     /tmp/cc22qTEg.s:285    .bss.SysTick_1Sec_Counter:00000000 $d
     /tmp/cc22qTEg.s:291    .bss.SysTick_20Sec_Counter:00000000 $d

UNDEFINED SYMBOLS
HAL_IncTick
